{"C:\\unitTests\\mocha\\index.js":{"path":"C:\\unitTests\\mocha\\index.js","s":{"1":1,"2":2,"3":1,"4":1,"5":1,"6":1,"7":1,"8":1,"9":1,"10":1,"11":5,"12":1,"13":1,"14":1,"15":0,"16":0},"b":{},"f":{"1":2,"2":1,"3":1,"4":1,"5":5,"6":1,"7":0},"fnMap":{"1":{"name":"(anonymous_1)","line":1,"loc":{"start":{"line":1,"column":19},"end":{"line":1,"column":34}}},"2":{"name":"(anonymous_2)","line":5,"loc":{"start":{"line":5,"column":19},"end":{"line":5,"column":38}}},"3":{"name":"(anonymous_3)","line":9,"loc":{"start":{"line":9,"column":15},"end":{"line":9,"column":34}}},"4":{"name":"(anonymous_4)","line":21,"loc":{"start":{"line":21,"column":27},"end":{"line":21,"column":46}}},"5":{"name":"(anonymous_5)","line":22,"loc":{"start":{"line":22,"column":28},"end":{"line":22,"column":43}}},"6":{"name":"(anonymous_6)","line":26,"loc":{"start":{"line":26,"column":27},"end":{"line":26,"column":38}}},"7":{"name":"(anonymous_7)","line":30,"loc":{"start":{"line":30,"column":29},"end":{"line":30,"column":40}}}},"statementMap":{"1":{"start":{"line":1,"column":0},"end":{"line":3,"column":2}},"2":{"start":{"line":2,"column":4},"end":{"line":2,"column":49}},"3":{"start":{"line":5,"column":0},"end":{"line":7,"column":2}},"4":{"start":{"line":6,"column":4},"end":{"line":6,"column":31}},"5":{"start":{"line":9,"column":0},"end":{"line":35,"column":2}},"6":{"start":{"line":10,"column":4},"end":{"line":10,"column":33}},"7":{"start":{"line":11,"column":4},"end":{"line":18,"column":6}},"8":{"start":{"line":19,"column":4},"end":{"line":19,"column":17}},"9":{"start":{"line":21,"column":4},"end":{"line":34,"column":13}},"10":{"start":{"line":22,"column":8},"end":{"line":24,"column":10}},"11":{"start":{"line":23,"column":12},"end":{"line":23,"column":23}},"12":{"start":{"line":26,"column":8},"end":{"line":28,"column":10}},"13":{"start":{"line":27,"column":12},"end":{"line":27,"column":38}},"14":{"start":{"line":30,"column":8},"end":{"line":33,"column":10}},"15":{"start":{"line":31,"column":12},"end":{"line":31,"column":31}},"16":{"start":{"line":32,"column":12},"end":{"line":32,"column":28}}},"branchMap":{}}}